2022-09-19 22:47:08,323 [INFO] Activator:177 - 


2022-09-19 22:47:08,325 [INFO] Activator:178 - !SESSION log4j initialized
2022-09-19 22:47:19,826 [INFO] McuFinderGlobals:39 - Set McuFinder mode to 2 (CubeIDE integrated)
2022-09-19 22:47:20,099 [INFO] ApplicationProperties:181 - Using Application install path: C:\ST\STM32CubeIDE_1.7.0\STM32CubeIDE\plugins\com.st.stm32cube.common.mx_6.3.0.202107141111
2022-09-19 22:47:20,114 [INFO] DbMcusXml:74 - Set database path to: C:\ST\STM32CubeIDE_1.7.0\STM32CubeIDE\plugins\com.st.stm32cube.common.mx_6.3.0.202107141111\\db\/mcu/
2022-09-19 22:47:20,118 [INFO] DbBoardsPdsc:56 - Set plugin database path to: C:\ST\STM32CubeIDE_1.7.0\STM32CubeIDE\plugins\com.st.stm32cube.common.mx_6.3.0.202107141111\\db\/plugins/boardmanager/
2022-09-19 22:47:20,119 [INFO] DbMcus:258 - Set plugin images path to: C:\ST\STM32CubeIDE_1.7.0\STM32CubeIDE\plugins\com.st.stm32cube.common.mx_6.3.0.202107141111\\db\/plugins/mcufinder/images/
2022-09-19 22:47:20,119 [INFO] DbBoards:264 - Set plugin images path to: C:\ST\STM32CubeIDE_1.7.0\STM32CubeIDE\plugins\com.st.stm32cube.common.mx_6.3.0.202107141111\\db\/plugins/mcufinder/images/
2022-09-19 22:47:20,122 [INFO] DbExamples:333 - Set plugin images path to: C:\ST\STM32CubeIDE_1.7.0\STM32CubeIDE\plugins\com.st.stm32cube.common.mx_6.3.0.202107141111\\db\/plugins/mcufinder/images/
2022-09-19 22:47:20,129 [INFO] DbMcusAds:119 - Set database path to: C:\Users\Admin\.stmcufinder\plugins\mcufinder//mcu/
2022-09-19 22:47:20,130 [INFO] DbMcusDocs:110 - Set database path to: C:\Users\Admin\.stmcufinder\plugins\mcufinder//mcu/
2022-09-19 22:47:20,132 [INFO] DbMcusJson:64 - Set database path to: C:\Users\Admin\.stmcufinder\plugins\mcufinder//mcu/
2022-09-19 22:47:20,133 [INFO] DbBoardsDocs:110 - Set database path to: C:\Users\Admin\.stmcufinder\plugins\mcufinder//mcu/
2022-09-19 22:47:20,134 [INFO] DbBoardsJson:57 - Set database path to: C:\Users\Admin\.stmcufinder\plugins\mcufinder//mcu/
2022-09-19 22:47:21,042 [INFO] CrossReferenceDbSqlite:196 - Set database path to: C:\Users\Admin\.stmcufinder\plugins\mcufinder//mcu/cs/
2022-09-19 22:47:21,049 [INFO] DbExamplesSqlite:767 - Set database path to: C:\Users\Admin\.stmcufinder\plugins\mcufinder//mcu/
2022-09-19 22:47:21,145 [INFO] RulesReader:57 - Compatibility file has been processed (242 Rules)
2022-09-19 22:47:21,246 [INFO] DbMcusXml:74 - Set database path to: C:\ST\STM32CubeIDE_1.7.0\STM32CubeIDE\plugins\com.st.stm32cube.common.mx_6.3.0.202107141111\\db\/mcu/
2022-09-19 22:47:21,247 [INFO] DbBoardsPdsc:56 - Set plugin database path to: C:\ST\STM32CubeIDE_1.7.0\STM32CubeIDE\plugins\com.st.stm32cube.common.mx_6.3.0.202107141111\\db\/plugins/boardmanager/
2022-09-19 22:47:21,247 [INFO] DbMcus:258 - Set plugin images path to: C:\ST\STM32CubeIDE_1.7.0\STM32CubeIDE\plugins\com.st.stm32cube.common.mx_6.3.0.202107141111\\db\/plugins/mcufinder/images/
2022-09-19 22:47:21,247 [INFO] DbBoards:264 - Set plugin images path to: C:\ST\STM32CubeIDE_1.7.0\STM32CubeIDE\plugins\com.st.stm32cube.common.mx_6.3.0.202107141111\\db\/plugins/mcufinder/images/
2022-09-19 22:47:21,247 [INFO] DbExamples:333 - Set plugin images path to: C:\ST\STM32CubeIDE_1.7.0\STM32CubeIDE\plugins\com.st.stm32cube.common.mx_6.3.0.202107141111\\db\/plugins/mcufinder/images/
2022-09-19 22:47:21,247 [WARN] DbFile:35 - Overriding database path with different value: C:\Users\Admin\.stmcufinder\plugins\mcufinder/ => C:\Users\Admin\.stmcufinder\plugins\mcufinder
2022-09-19 22:47:21,247 [INFO] DbMcusAds:119 - Set database path to: C:\Users\Admin\.stmcufinder\plugins\mcufinder//mcu/
2022-09-19 22:47:21,247 [WARN] DbFile:35 - Overriding database path with different value: C:\Users\Admin\.stmcufinder\plugins\mcufinder/ => C:\Users\Admin\.stmcufinder\plugins\mcufinder
2022-09-19 22:47:21,248 [INFO] DbMcusDocs:110 - Set database path to: C:\Users\Admin\.stmcufinder\plugins\mcufinder//mcu/
2022-09-19 22:47:21,248 [WARN] DbFile:35 - Overriding database path with different value: C:\Users\Admin\.stmcufinder\plugins\mcufinder/ => C:\Users\Admin\.stmcufinder\plugins\mcufinder
2022-09-19 22:47:21,248 [INFO] DbMcusJson:64 - Set database path to: C:\Users\Admin\.stmcufinder\plugins\mcufinder//mcu/
2022-09-19 22:47:21,248 [WARN] DbFile:35 - Overriding database path with different value: C:\Users\Admin\.stmcufinder\plugins\mcufinder/ => C:\Users\Admin\.stmcufinder\plugins\mcufinder
2022-09-19 22:47:21,248 [INFO] DbBoardsDocs:110 - Set database path to: C:\Users\Admin\.stmcufinder\plugins\mcufinder//mcu/
2022-09-19 22:47:21,248 [WARN] DbFile:35 - Overriding database path with different value: C:\Users\Admin\.stmcufinder\plugins\mcufinder/ => C:\Users\Admin\.stmcufinder\plugins\mcufinder
2022-09-19 22:47:21,248 [INFO] DbBoardsJson:57 - Set database path to: C:\Users\Admin\.stmcufinder\plugins\mcufinder//mcu/
2022-09-19 22:47:21,248 [WARN] DbFile:35 - Overriding database path with different value: C:\Users\Admin\.stmcufinder\plugins\mcufinder/ => C:\Users\Admin\.stmcufinder\plugins\mcufinder
2022-09-19 22:47:21,248 [WARN] DbFile:35 - Overriding database path with different value: C:\Users\Admin\.stmcufinder\plugins\mcufinder/ => C:\Users\Admin\.stmcufinder\plugins\mcufinder
2022-09-19 22:47:22,044 [INFO] CrossReferenceDbSqlite:196 - Set database path to: C:\Users\Admin\.stmcufinder\plugins\mcufinder//mcu/cs/
2022-09-19 22:47:22,045 [WARN] DbFile:35 - Overriding database path with different value: C:\Users\Admin\.stmcufinder\plugins\mcufinder/ => C:\Users\Admin\.stmcufinder\plugins\mcufinder
2022-09-19 22:47:22,045 [INFO] DbExamplesSqlite:767 - Set database path to: C:\Users\Admin\.stmcufinder\plugins\mcufinder//mcu/
2022-09-19 22:47:22,140 [INFO] MainPanel:214 - HeapMemory: 268435456
2022-09-19 22:47:22,254 [INFO] DbMcusXml:74 - Set database path to: C:\ST\STM32CubeIDE_1.7.0\STM32CubeIDE\plugins\com.st.stm32cube.common.mx_6.3.0.202107141111\\db\/mcu/
2022-09-19 22:47:22,254 [INFO] DbBoardsPdsc:56 - Set plugin database path to: C:\ST\STM32CubeIDE_1.7.0\STM32CubeIDE\plugins\com.st.stm32cube.common.mx_6.3.0.202107141111\\db\/plugins/boardmanager/
2022-09-19 22:47:22,254 [INFO] DbMcus:258 - Set plugin images path to: C:\ST\STM32CubeIDE_1.7.0\STM32CubeIDE\plugins\com.st.stm32cube.common.mx_6.3.0.202107141111\\db\/plugins/mcufinder/images/
2022-09-19 22:47:22,254 [INFO] DbBoards:264 - Set plugin images path to: C:\ST\STM32CubeIDE_1.7.0\STM32CubeIDE\plugins\com.st.stm32cube.common.mx_6.3.0.202107141111\\db\/plugins/mcufinder/images/
2022-09-19 22:47:22,254 [INFO] DbExamples:333 - Set plugin images path to: C:\ST\STM32CubeIDE_1.7.0\STM32CubeIDE\plugins\com.st.stm32cube.common.mx_6.3.0.202107141111\\db\/plugins/mcufinder/images/
2022-09-19 22:47:22,255 [WARN] DbFile:35 - Overriding database path with different value: C:\Users\Admin\.stmcufinder\plugins\mcufinder/ => C:\Users\Admin\.stmcufinder\plugins\mcufinder
2022-09-19 22:47:22,255 [INFO] DbMcusAds:119 - Set database path to: C:\Users\Admin\.stmcufinder\plugins\mcufinder//mcu/
2022-09-19 22:47:22,255 [WARN] DbFile:35 - Overriding database path with different value: C:\Users\Admin\.stmcufinder\plugins\mcufinder/ => C:\Users\Admin\.stmcufinder\plugins\mcufinder
2022-09-19 22:47:22,255 [INFO] DbMcusDocs:110 - Set database path to: C:\Users\Admin\.stmcufinder\plugins\mcufinder//mcu/
2022-09-19 22:47:22,255 [WARN] DbFile:35 - Overriding database path with different value: C:\Users\Admin\.stmcufinder\plugins\mcufinder/ => C:\Users\Admin\.stmcufinder\plugins\mcufinder
2022-09-19 22:47:22,255 [INFO] DbMcusJson:64 - Set database path to: C:\Users\Admin\.stmcufinder\plugins\mcufinder//mcu/
2022-09-19 22:47:22,255 [WARN] DbFile:35 - Overriding database path with different value: C:\Users\Admin\.stmcufinder\plugins\mcufinder/ => C:\Users\Admin\.stmcufinder\plugins\mcufinder
2022-09-19 22:47:22,255 [INFO] DbBoardsDocs:110 - Set database path to: C:\Users\Admin\.stmcufinder\plugins\mcufinder//mcu/
2022-09-19 22:47:22,255 [WARN] DbFile:35 - Overriding database path with different value: C:\Users\Admin\.stmcufinder\plugins\mcufinder/ => C:\Users\Admin\.stmcufinder\plugins\mcufinder
2022-09-19 22:47:22,255 [INFO] DbBoardsJson:57 - Set database path to: C:\Users\Admin\.stmcufinder\plugins\mcufinder//mcu/
2022-09-19 22:47:22,256 [WARN] DbFile:35 - Overriding database path with different value: C:\Users\Admin\.stmcufinder\plugins\mcufinder/ => C:\Users\Admin\.stmcufinder\plugins\mcufinder
2022-09-19 22:47:22,256 [WARN] DbFile:35 - Overriding database path with different value: C:\Users\Admin\.stmcufinder\plugins\mcufinder/ => C:\Users\Admin\.stmcufinder\plugins\mcufinder
2022-09-19 22:47:23,046 [INFO] CrossReferenceDbSqlite:196 - Set database path to: C:\Users\Admin\.stmcufinder\plugins\mcufinder//mcu/cs/
2022-09-19 22:47:23,047 [WARN] DbFile:35 - Overriding database path with different value: C:\Users\Admin\.stmcufinder\plugins\mcufinder/ => C:\Users\Admin\.stmcufinder\plugins\mcufinder
2022-09-19 22:47:23,047 [INFO] DbExamplesSqlite:767 - Set database path to: C:\Users\Admin\.stmcufinder\plugins\mcufinder//mcu/
2022-09-19 22:47:23,077 [INFO] ApplicationProperties:181 - Using Application install path: C:\ST\STM32CubeIDE_1.7.0\STM32CubeIDE\plugins\com.st.stm32cube.common.mx_6.3.0.202107141111
2022-09-19 22:47:23,079 [INFO] PluginManage:188 - Search for loadable plugins [exclusion list=, ]
2022-09-19 22:47:23,080 [INFO] PluginManage:302 - Check plugin analytics
2022-09-19 22:47:24,093 [INFO] AnalyticsPlugin:257 - Accepted Software Licenses: 
2022-09-19 22:47:24,093 [INFO] AnalyticsPlugin:259 - Accepted CMSIS Pack Licenses: 
2022-09-19 22:47:24,093 [INFO] AnalyticsPlugin:261 - Accepted Firmware Licenses: 
2022-09-19 22:47:24,094 [INFO] PluginManage:352 - Loaded plugin analytics (category:tool,tabindex:-1)
2022-09-19 22:47:24,094 [INFO] PluginManage:302 - Check plugin clock
2022-09-19 22:47:24,109 [INFO] PluginManage:352 - Loaded plugin clock (category:base,tabindex:2)
2022-09-19 22:47:24,110 [INFO] PluginManage:302 - Check plugin ddr
2022-09-19 22:47:24,114 [INFO] PluginManage:352 - Loaded plugin ddr (category:tool,tabindex:6)
2022-09-19 22:47:24,114 [INFO] PluginManage:302 - Check plugin filemanager
2022-09-19 22:47:24,236 [INFO] PluginManage:352 - Loaded plugin filemanager (category:base,tabindex:10)
2022-09-19 22:47:24,237 [INFO] PluginManage:302 - Check plugin ipmanager
2022-09-19 22:47:24,246 [INFO] PluginManage:352 - Loaded plugin ipmanager (category:base,tabindex:5)
2022-09-19 22:47:24,246 [INFO] PluginManage:302 - Check plugin pinoutandconfiguration
2022-09-19 22:47:24,255 [INFO] PluginManage:352 - Loaded plugin pinoutandconfiguration (category:base,tabindex:1)
2022-09-19 22:47:24,255 [INFO] PluginManage:302 - Check plugin pinoutconfig
2022-09-19 22:47:24,283 [INFO] PluginManage:352 - Loaded plugin pinoutconfig (category:base,tabindex:0)
2022-09-19 22:47:24,283 [INFO] PluginManage:302 - Check plugin power
2022-09-19 22:47:24,297 [INFO] PluginManage:352 - Loaded plugin power (category:power,tabindex:4)
2022-09-19 22:47:24,297 [INFO] PluginManage:302 - Check plugin projectmanager
2022-09-19 22:47:24,313 [INFO] PluginManage:352 - Loaded plugin projectmanager (category:projectmanager,tabindex:3)
2022-09-19 22:47:24,313 [INFO] PluginManage:302 - Check plugin thirdparty
2022-09-19 22:47:24,466 [INFO] PluginManage:352 - Loaded plugin thirdparty (category:base,tabindex:-1)
2022-09-19 22:47:24,466 [WARN] IntegrityCheckThread:78 - waiting for thirdparty lock release [integrity check]
2022-09-19 22:47:24,466 [INFO] PluginManage:302 - Check plugin tools
2022-09-19 22:47:24,467 [INFO] IntegrityCheckThread:80 - entering critical section [integrity check]
2022-09-19 22:47:24,467 [INFO] ThirdPartyUpdaterWithRetryManager:66 - Updater plugin not ready yet. [1/15]
2022-09-19 22:47:24,469 [INFO] PluginManage:352 - Loaded plugin tools (category:base,tabindex:7)
2022-09-19 22:47:24,470 [INFO] PluginManage:302 - Check plugin tutovideos
2022-09-19 22:47:24,683 [INFO] PluginManage:352 - Loaded plugin tutovideos (category:base,tabindex:-1)
2022-09-19 22:47:24,683 [INFO] PluginManage:302 - Check plugin updater
2022-09-19 22:47:24,697 [INFO] PluginManage:352 - Loaded plugin updater (category:base,tabindex:12)
2022-09-19 22:47:24,698 [INFO] PluginManage:275 - PluginManage : Loaded plugins [13]
2022-09-19 22:47:24,877 [INFO] PinOutPanel:1463 - setPackage(No Configuration,No Configuration)
2022-09-19 22:47:24,978 [INFO] IPUIPlugin:74 - create IPUIPlugin
2022-09-19 22:47:24,978 [INFO] PluginManager:213 - loadIPPluginJar : add adc
2022-09-19 22:47:24,982 [INFO] IPUIPlugin:74 - create IPUIPlugin
2022-09-19 22:47:24,982 [INFO] PluginManager:213 - loadIPPluginJar : add aes
2022-09-19 22:47:24,985 [INFO] IPUIPlugin:74 - create IPUIPlugin
2022-09-19 22:47:24,985 [INFO] PluginManager:213 - loadIPPluginJar : add can
2022-09-19 22:47:24,988 [INFO] IPUIPlugin:74 - create IPUIPlugin
2022-09-19 22:47:24,988 [INFO] PluginManager:213 - loadIPPluginJar : add comp
2022-09-19 22:47:24,991 [INFO] IPUIPlugin:74 - create IPUIPlugin
2022-09-19 22:47:24,991 [INFO] PluginManager:213 - loadIPPluginJar : add cryp
2022-09-19 22:47:24,995 [INFO] IPUIPlugin:74 - create IPUIPlugin
2022-09-19 22:47:24,995 [INFO] PluginManager:213 - loadIPPluginJar : add dfsdm
2022-09-19 22:47:25,001 [INFO] IPUIPlugin:74 - create IPUIPlugin
2022-09-19 22:47:25,002 [INFO] PluginManager:213 - loadIPPluginJar : add dma
2022-09-19 22:47:25,005 [INFO] IPUIPlugin:74 - create IPUIPlugin
2022-09-19 22:47:25,006 [INFO] PluginManager:213 - loadIPPluginJar : add dma3
2022-09-19 22:47:25,008 [INFO] IPUIPlugin:74 - create IPUIPlugin
2022-09-19 22:47:25,008 [INFO] PluginManager:213 - loadIPPluginJar : add fatfs
2022-09-19 22:47:25,013 [INFO] IPUIPlugin:74 - create IPUIPlugin
2022-09-19 22:47:25,013 [INFO] PluginManager:213 - loadIPPluginJar : add fmc
2022-09-19 22:47:25,020 [INFO] IPUIPlugin:74 - create IPUIPlugin
2022-09-19 22:47:25,021 [INFO] PluginManager:213 - loadIPPluginJar : add freertos
2022-09-19 22:47:25,023 [INFO] IPUIPlugin:74 - create IPUIPlugin
2022-09-19 22:47:25,023 [INFO] PluginManager:213 - loadIPPluginJar : add genericplugin
2022-09-19 22:47:25,026 [INFO] IPUIPlugin:74 - create IPUIPlugin
2022-09-19 22:47:25,026 [INFO] PluginManager:213 - loadIPPluginJar : add gfxmmu
2022-09-19 22:47:25,031 [INFO] IPUIPlugin:74 - create IPUIPlugin
2022-09-19 22:47:25,032 [INFO] PluginManager:213 - loadIPPluginJar : add gic
2022-09-19 22:47:25,036 [INFO] IPUIPlugin:74 - create IPUIPlugin
2022-09-19 22:47:25,037 [INFO] PluginManager:213 - loadIPPluginJar : add gpio
2022-09-19 22:47:25,040 [INFO] IPUIPlugin:74 - create IPUIPlugin
2022-09-19 22:47:25,041 [INFO] PluginManager:213 - loadIPPluginJar : add gtzc
2022-09-19 22:47:25,044 [INFO] IPUIPlugin:74 - create IPUIPlugin
2022-09-19 22:47:25,044 [INFO] PluginManager:213 - loadIPPluginJar : add hash
2022-09-19 22:47:25,047 [INFO] IPUIPlugin:74 - create IPUIPlugin
2022-09-19 22:47:25,047 [INFO] PluginManager:213 - loadIPPluginJar : add i2c
2022-09-19 22:47:25,051 [INFO] IPUIPlugin:74 - create IPUIPlugin
2022-09-19 22:47:25,051 [INFO] PluginManager:213 - loadIPPluginJar : add i2s
2022-09-19 22:47:25,054 [INFO] IPUIPlugin:74 - create IPUIPlugin
2022-09-19 22:47:25,054 [INFO] PluginManager:213 - loadIPPluginJar : add ipddr
2022-09-19 22:47:25,062 [INFO] IPUIPlugin:74 - create IPUIPlugin
2022-09-19 22:47:25,062 [INFO] PluginManager:213 - loadIPPluginJar : add linkedlist
2022-09-19 22:47:25,065 [INFO] IPUIPlugin:74 - create IPUIPlugin
2022-09-19 22:47:25,065 [INFO] PluginManager:213 - loadIPPluginJar : add lorawan
2022-09-19 22:47:25,067 [INFO] IPUIPlugin:74 - create IPUIPlugin
2022-09-19 22:47:25,067 [INFO] PluginManager:213 - loadIPPluginJar : add ltdc
2022-09-19 22:47:25,072 [INFO] IPUIPlugin:74 - create IPUIPlugin
2022-09-19 22:47:25,072 [INFO] PluginManager:213 - loadIPPluginJar : add mdma
2022-09-19 22:47:25,076 [INFO] IPUIPlugin:74 - create IPUIPlugin
2022-09-19 22:47:25,076 [INFO] PluginManager:213 - loadIPPluginJar : add nvic
2022-09-19 22:47:25,079 [INFO] IPUIPlugin:74 - create IPUIPlugin
2022-09-19 22:47:25,079 [INFO] PluginManager:213 - loadIPPluginJar : add opamp
2022-09-19 22:47:25,083 [INFO] IPUIPlugin:74 - create IPUIPlugin
2022-09-19 22:47:25,084 [INFO] PluginManager:213 - loadIPPluginJar : add openamp
2022-09-19 22:47:25,089 [INFO] IPUIPlugin:74 - create IPUIPlugin
2022-09-19 22:47:25,089 [INFO] PluginManager:213 - loadIPPluginJar : add pdm2pcm
2022-09-19 22:47:25,114 [INFO] IPUIPlugin:74 - create IPUIPlugin
2022-09-19 22:47:25,118 [INFO] PluginManager:213 - loadIPPluginJar : add plateformsettings
2022-09-19 22:47:25,121 [INFO] IPUIPlugin:74 - create IPUIPlugin
2022-09-19 22:47:25,121 [INFO] PluginManager:213 - loadIPPluginJar : add quadspi
2022-09-19 22:47:25,127 [INFO] IPUIPlugin:74 - create IPUIPlugin
2022-09-19 22:47:25,127 [INFO] PluginManager:213 - loadIPPluginJar : add resmgrutility
2022-09-19 22:47:25,132 [INFO] IPUIPlugin:74 - create IPUIPlugin
2022-09-19 22:47:25,132 [INFO] PluginManager:213 - loadIPPluginJar : add sai
2022-09-19 22:47:25,150 [INFO] IPUIPlugin:74 - create IPUIPlugin
2022-09-19 22:47:25,150 [INFO] PluginManager:213 - loadIPPluginJar : add spi
2022-09-19 22:47:25,156 [INFO] IPUIPlugin:74 - create IPUIPlugin
2022-09-19 22:47:25,156 [INFO] PluginManager:213 - loadIPPluginJar : add stm32_wpan
2022-09-19 22:47:25,159 [INFO] IPUIPlugin:74 - create IPUIPlugin
2022-09-19 22:47:25,159 [INFO] PluginManager:213 - loadIPPluginJar : add tim
2022-09-19 22:47:25,164 [INFO] IPUIPlugin:74 - create IPUIPlugin
2022-09-19 22:47:25,165 [INFO] PluginManager:213 - loadIPPluginJar : add touchsensing
2022-09-19 22:47:25,167 [INFO] IPUIPlugin:74 - create IPUIPlugin
2022-09-19 22:47:25,167 [INFO] PluginManager:213 - loadIPPluginJar : add tracer_emb
2022-09-19 22:47:25,170 [INFO] IPUIPlugin:74 - create IPUIPlugin
2022-09-19 22:47:25,170 [INFO] PluginManager:213 - loadIPPluginJar : add ts
2022-09-19 22:47:25,172 [INFO] IPUIPlugin:74 - create IPUIPlugin
2022-09-19 22:47:25,172 [INFO] PluginManager:213 - loadIPPluginJar : add tsc
2022-09-19 22:47:25,174 [INFO] IPUIPlugin:74 - create IPUIPlugin
2022-09-19 22:47:25,174 [INFO] PluginManager:213 - loadIPPluginJar : add ucpd
2022-09-19 22:47:25,177 [INFO] IPUIPlugin:74 - create IPUIPlugin
2022-09-19 22:47:25,177 [INFO] PluginManager:213 - loadIPPluginJar : add usart
2022-09-19 22:47:25,181 [INFO] IPUIPlugin:74 - create IPUIPlugin
2022-09-19 22:47:25,181 [INFO] PluginManager:213 - loadIPPluginJar : add usbx
2022-09-19 22:47:25,511 [FATAL] Updater:294 - Updater called before beeing initialized
2022-09-19 22:47:25,624 [FATAL] Updater:294 - Updater called before beeing initialized
2022-09-19 22:47:25,630 [INFO] DbMcusAds:47 - JSON generation date=Thu Sep 30 13:55:09 ICT 2021 (1632984909265)
2022-09-19 22:47:25,631 [FATAL] Updater:294 - Updater called before beeing initialized
2022-09-19 22:47:25,671 [WARN] DetailPanel:314 - Failed to get advertising image, set to default
2022-09-19 22:47:25,762 [FATAL] Updater:294 - Updater called before beeing initialized
2022-09-19 22:47:25,765 [FATAL] Updater:294 - Updater called before beeing initialized
2022-09-19 22:47:25,765 [FATAL] Updater:294 - Updater called before beeing initialized
2022-09-19 22:47:25,765 [WARN] DetailPanel:314 - Failed to get advertising image, set to default
2022-09-19 22:47:25,767 [FATAL] Updater:294 - Updater called before beeing initialized
2022-09-19 22:47:25,817 [ERROR] Updater:1075 - MainUpdater not yet initialized. External WinMGr cannot be set.
2022-09-19 22:47:25,820 [INFO] Updater:1012 - Updater Version found : 6.3.0
2022-09-19 22:47:25,842 [INFO] ApplicationProperties:181 - Using Application install path: C:\ST\STM32CubeIDE_1.7.0\STM32CubeIDE\plugins\com.st.stm32cube.common.mx_6.3.0.202107141111
2022-09-19 22:47:25,997 [INFO] MainUpdater:2671 - connection check result : 10
2022-09-19 22:47:25,998 [INFO] MainUpdater:265 - Updater Check For Update Now.
2022-09-19 22:47:25,998 [INFO] MicroXplorer:478 - Change Database Version : DB.6.0.30
2022-09-19 22:47:26,142 [INFO] CheckServerUpdateThread:112 - End of CheckServer Thread
2022-09-19 22:47:26,219 [INFO] MainUpdater:2671 - connection check result : 10
2022-09-19 22:47:26,446 [INFO] McuFinderGlobals:52 - Set McuFinderConnectedMode to false
2022-09-19 22:47:26,542 [INFO] CrossSelectorPresenter:1330 - Cross Selector saved comparison directory: C:\Users\Admin\.stmcufinder\plugins\mcufinder\mcu\cs_comparisons_mx
2022-09-19 22:47:26,550 [INFO] MultiScanPanel:197 - Auto-refresh data requested => check proxy status ongoing
2022-09-19 22:47:26,550 [INFO] MultiScanPanel:201 - Proxy status is invalid
2022-09-19 22:47:26,554 [INFO] FinderPluginLoader:87 - Searching for filters in installed packs
2022-09-19 22:47:26,556 [INFO] DbMcusXml:100 - Load MCU database from C:\ST\STM32CubeIDE_1.7.0\STM32CubeIDE\plugins\com.st.stm32cube.common.mx_6.3.0.202107141111\\db\/mcu/families.xml
2022-09-19 22:47:27,364 [INFO] DbMcusJson:93 - JSON generation date=Tue Nov 16 23:17:54 ICT 2021 (1637079474)
2022-09-19 22:47:27,658 [WARN] PackLoader:238 - Cannot read IP mode file for STMicroelectronics.X-CUBE-GNSS1.6.0.0
2022-09-19 22:47:27,712 [WARN] PackLoader:238 - Cannot read IP mode file for STMicroelectronics.X-CUBE-AZRTOS-F4.1.1.0
2022-09-19 22:47:27,791 [WARN] PackLoader:238 - Cannot read IP mode file for STMicroelectronics.X-CUBE-AZRTOS-F7.1.1.0
2022-09-19 22:47:27,809 [WARN] PackLoader:238 - Cannot read IP mode file for STMicroelectronics.X-CUBE-BLE1.6.2.3
2022-09-19 22:47:27,816 [WARN] PackLoader:238 - Cannot read IP mode file for STMicroelectronics.X-CUBE-NFC4.2.0.4
2022-09-19 22:47:27,869 [WARN] PackLoader:238 - Cannot read IP mode file for STMicroelectronics.X-CUBE-TOF1.3.1.0
2022-09-19 22:47:27,886 [WARN] PackLoader:238 - Cannot read IP mode file for wolfSSL.I-CUBE-wolfSSL.5.5.0
2022-09-19 22:47:27,908 [WARN] PackLoader:238 - Cannot read IP mode file for STMicroelectronics.X-CUBE-NFC7.1.0.0
2022-09-19 22:47:27,990 [WARN] PackLoader:238 - Cannot read IP mode file for STMicroelectronics.X-CUBE-MEMS1.9.3.0
2022-09-19 22:47:28,147 [INFO] DbMcus:175 - Found 1951 MCUs (1903 are supported by CubeMX, 1914 are visible in CubeMX)
2022-09-19 22:47:28,148 [INFO] ApiDb:251 - Load user favorites file C:\Users\Admin/.stm32cubeide/favorites.mcus.txt: 0 item(s)
2022-09-19 22:47:28,148 [INFO] ApiDb:255 - User favorites MCUs=[]
2022-09-19 22:47:28,148 [INFO] DbMcus:187 - Set 0 / 0 favorites MCUs
2022-09-19 22:47:28,224 [WARN] PackLoader:238 - Cannot read IP mode file for STMicroelectronics.X-CUBE-AI.7.2.0
2022-09-19 22:47:28,231 [WARN] PackLoader:238 - Cannot read IP mode file for STMicroelectronics.X-CUBE-SFXS2LP1.4.0.0
2022-09-19 22:47:28,237 [WARN] PackLoader:238 - Cannot read IP mode file for STMicroelectronics.X-CUBE-BLE2.3.3.0
2022-09-19 22:47:28,248 [WARN] PackLoader:238 - Cannot read IP mode file for STMicroelectronics.X-CUBE-DISPLAY.2.2.0
2022-09-19 22:47:28,255 [WARN] PackLoader:238 - Cannot read IP mode file for STMicroelectronics.X-CUBE-ISPU.1.0.0
2022-09-19 22:47:28,263 [WARN] PackLoader:238 - Cannot read IP mode file for RoweBots.I-CUBE-UNISONRTOS.5.5.0-4
2022-09-19 22:47:28,283 [WARN] PackLoader:238 - Cannot read IP mode file for STMicroelectronics.X-CUBE-AZRTOS-H7.2.1.0
2022-09-19 22:47:28,293 [WARN] PackLoader:238 - Cannot read IP mode file for STMicroelectronics.X-CUBE-BLEMGR.1.0.0
2022-09-19 22:47:28,302 [WARN] PackLoader:238 - Cannot read IP mode file for STMicroelectronics.X-CUBE-ALGOBUILD.1.3.0
2022-09-19 22:47:28,320 [WARN] PackLoader:238 - Cannot read IP mode file for STMicroelectronics.X-CUBE-AZRTOS-G0.1.1.0
2022-09-19 22:47:28,333 [WARN] PackLoader:238 - Cannot read IP mode file for STMicroelectronics.X-CUBE-SUBG2.5.0.0
2022-09-19 22:47:28,387 [WARN] PackLoader:238 - Cannot read IP mode file for SEGGER.I-CUBE-embOS.1.2.0
2022-09-19 22:47:28,473 [WARN] PackLoader:238 - Cannot read IP mode file for STMicroelectronics.FP-ATR-ASTRA1.1.1.1
2022-09-19 22:47:28,491 [WARN] PackLoader:238 - Cannot read IP mode file for STMicroelectronics.X-CUBE-AZRTOS-G4.1.0.0
2022-09-19 22:47:28,523 [WARN] PackLoader:238 - Cannot read IP mode file for STMicroelectronics.X-CUBE-AZRTOS-L4.1.0.0
2022-09-19 22:47:28,533 [WARN] PackLoader:238 - Cannot read IP mode file for emotas.I-CUBE-CANOPEN.1.1.2
2022-09-19 22:47:28,537 [WARN] PackLoader:238 - Cannot read IP mode file for STMicroelectronics.X-CUBE-TOUCHGFX.4.20.0
2022-09-19 22:47:28,548 [WARN] PackLoader:238 - Cannot read IP mode file for STMicroelectronics.X-CUBE-AZRTOS-WL.1.0.0
2022-09-19 22:47:28,555 [WARN] PackLoader:238 - Cannot read IP mode file for portGmbH.I-Cube-SoM-uGOAL.1.1.0
2022-09-19 22:47:28,560 [WARN] PackLoader:238 - Cannot read IP mode file for STMicroelectronics.X-CUBE-ALS.1.0.1
2022-09-19 22:47:28,580 [WARN] PackLoader:238 - Cannot read IP mode file for STMicroelectronics.X-CUBE-AZRTOS-L5.1.0.0
2022-09-19 22:47:28,589 [WARN] PackLoader:238 - Cannot read IP mode file for STMicroelectronics.X-CUBE-EEPRMA1.3.1.1
2022-09-19 22:47:28,590 [INFO] ThirdParty:915 - Integrity check success = true
2022-09-19 22:47:28,591 [INFO] IntegrityCheckThread:94 - exiting critical section [integrity check]
2022-09-19 22:47:28,591 [INFO] IntegrityCheckThread:97 - End integrity checks thread
2022-09-19 22:47:28,843 [INFO] DetailPanel:309 - Set advertising image to C:/Users/Admin/STM32Cube/Repository/\en.Prom_NBSTM32U50921.jpg
2022-09-19 22:47:29,410 [INFO] DbBoardsPdsc:90 - Found 25 items
2022-09-19 22:47:29,413 [INFO] DbBoardsPdsc:90 - Found 9 items
2022-09-19 22:47:29,419 [INFO] DbBoardsPdsc:90 - Found 33 items
2022-09-19 22:47:29,421 [INFO] DbBoardsPdsc:90 - Found 1 items
2022-09-19 22:47:29,429 [INFO] DbBoardsPdsc:90 - Found 48 items
2022-09-19 22:47:29,439 [INFO] DbBoardsPdsc:90 - Found 43 items
2022-09-19 22:47:29,440 [INFO] DbBoardsPdsc:90 - Found 2 items
2022-09-19 22:47:29,444 [INFO] DbBoardsPdsc:90 - Found 5 items
2022-09-19 22:47:29,448 [WARN] DbBoardsPdsc:254 - Board STM32H7B3I-DK: unknown feature type=Audio, name=, username=Audio stereo codec with Headphone Amp (CS42L51-CNZ), n=1
2022-09-19 22:47:29,448 [WARN] DbBoardsPdsc:254 - Board STM32H735G-DK: unknown feature type=Audio, name=, username=Audio stereo codec with Headphone Amp (WM8994ECS/R), n=1
2022-09-19 22:47:29,450 [WARN] DbBoardsPdsc:254 - Board STM32H7B3I-EVAL: unknown feature type=Audio, name=, username=Multi-Channel Audio Codec (CS42L51-CNZ), n=1
2022-09-19 22:47:29,451 [WARN] DbBoardsPdsc:254 - Board STM32H7B3I-EVAL: unknown feature type=Meter, name=, username=Power-metering and Temperature-monitoring with sigma-delta modulators, n=1
2022-09-19 22:47:29,451 [WARN] DbBoardsPdsc:254 - Board STM32H7B3I-EVAL: unknown feature type=Motor, name=, username=Motor Control, n=1
2022-09-19 22:47:29,452 [WARN] DbBoardsPdsc:254 - Board STM32U575I-EV: unknown feature type=joystick, name=, username=4-direction joystick with selection button, n=1
2022-09-19 22:47:29,497 [INFO] DbBoardsJson:86 - JSON generation date=Tue Nov 16 23:17:54 ICT 2021 (1637079474)
2022-09-19 22:47:29,503 [INFO] DbBoards:117 - Found 167 boards (163 are supported by CubeMX)
2022-09-19 22:47:29,514 [INFO] DbBoardsDocs:143 - JSON generation date=Tue Nov 16 23:17:54 ICT 2021 (1637079474)
2022-09-19 22:47:29,517 [INFO] DbBoardsDocs:79 - Found 209 boards documents
2022-09-19 22:47:29,518 [WARN] DbBoards:127 - board B-L475E-IOT01A2 has no document id list !
2022-09-19 22:47:29,519 [WARN] DbBoards:127 - board NUCLEO-H743ZI has no document id list !
2022-09-19 22:47:29,520 [WARN] DbBoards:127 - board NUCLEO-WL55JC2 has no document id list !
2022-09-19 22:47:29,520 [WARN] DbBoards:127 - board P-NUCLEO-WB55-Nucleo has no document id list !
2022-09-19 22:47:29,520 [WARN] DbBoards:127 - board P-NUCLEO-WB55-USBDongle has no document id list !
2022-09-19 22:47:29,520 [WARN] DbBoards:127 - board STEVAL-BFA001V1B has no document id list !
2022-09-19 22:47:29,520 [WARN] DbBoards:127 - board STEVAL-BFA001V2B has no document id list !
2022-09-19 22:47:29,520 [WARN] DbBoards:127 - board STEVAL-IDP005V1 has no document id list !
2022-09-19 22:47:29,520 [WARN] DbBoards:127 - board STEVAL-IDP005V2 has no document id list !
2022-09-19 22:47:29,520 [WARN] DbBoards:127 - board STEVAL-MKSBOX1V1 has no document id list !
2022-09-19 22:47:29,520 [WARN] DbBoards:127 - board STEVAL-STWINKT1 has no document id list !
2022-09-19 22:47:29,520 [WARN] DbBoards:127 - board STEVAL-STWINKT1B has no document id list !
2022-09-19 22:47:29,520 [WARN] DbBoards:127 - board STM32439I-EVAL2 has no document id list !
2022-09-19 22:47:29,521 [WARN] DbBoards:127 - board STM32F401C-DISCO has no document id list !
2022-09-19 22:47:29,521 [WARN] DbBoards:127 - board STM32F769I-DISC1 has no document id list !
2022-09-19 22:47:29,522 [WARN] DbBoards:127 - board STM32G474E-EVAL1 has no document id list !
2022-09-19 22:47:29,522 [WARN] DbBoards:127 - board STM32H743I-EVAL2 has no document id list !
2022-09-19 22:47:29,522 [WARN] DbBoards:127 - board STM32H747I-DISC1 has no document id list !
2022-09-19 22:47:29,522 [WARN] DbBoards:127 - board STM32H753I-EVAL2 has no document id list !
2022-09-19 22:47:29,522 [WARN] DbBoards:127 - board STM32L-DISCOVERY has no document id list !
2022-09-19 22:47:29,642 [ERROR] DbBoards:189 - Image file not found for board B-U585I-IOT02A: C:\ST\STM32CubeIDE_1.7.0\STM32CubeIDE\plugins\com.st.stm32cube.common.mx_6.3.0.202107141111\\db\/plugins/mcufinder/images/boards/B-U585I-IOT02A_small.jpg
2022-09-19 22:47:29,740 [ERROR] DbBoards:189 - Image file not found for board NUCLEO-F413ZH: C:\ST\STM32CubeIDE_1.7.0\STM32CubeIDE\plugins\com.st.stm32cube.common.mx_6.3.0.202107141111\\db\/plugins/mcufinder/images/boards/nucleo-f413zh_small.jpg
2022-09-19 22:47:29,927 [ERROR] DbBoards:189 - Image file not found for board NUCLEO-L552ZE-Q: C:\ST\STM32CubeIDE_1.7.0\STM32CubeIDE\plugins\com.st.stm32cube.common.mx_6.3.0.202107141111\\db\/plugins/mcufinder/images/boards/nucleo_l552ze_q_small.jpg
2022-09-19 22:47:29,928 [ERROR] DbBoards:189 - Image file not found for board NUCLEO-U575ZI-Q: C:\ST\STM32CubeIDE_1.7.0\STM32CubeIDE\plugins\com.st.stm32cube.common.mx_6.3.0.202107141111\\db\/plugins/mcufinder/images/boards/nucleo-u575zi-q_small.jpg
2022-09-19 22:47:29,928 [ERROR] DbBoards:189 - Image file not found for board NUCLEO-WB15CC: C:\ST\STM32CubeIDE_1.7.0\STM32CubeIDE\plugins\com.st.stm32cube.common.mx_6.3.0.202107141111\\db\/plugins/mcufinder/images/boards/nucleo-wb15cc_small.jpg
2022-09-19 22:47:29,928 [ERROR] DbBoards:189 - Image file not found for board NUCLEO-WB55RG: C:\ST\STM32CubeIDE_1.7.0\STM32CubeIDE\plugins\com.st.stm32cube.common.mx_6.3.0.202107141111\\db\/plugins/mcufinder/images/boards/nucleo-wb55rg_small.jpg
2022-09-19 22:47:31,016 [INFO] ApiDb:251 - Load user favorites file C:\Users\Admin/.stm32cubeide/favorites.boards.txt: 0 item(s)
2022-09-19 22:47:31,016 [INFO] ApiDb:255 - User favorites Boards=[]
2022-09-19 22:47:31,017 [INFO] DbBoards:206 - Set 0 / 0 favorites Boards
2022-09-19 22:47:32,576 [INFO] McuFinderGlobals:52 - Set McuFinderConnectedMode to true
2022-09-19 22:47:33,169 [INFO] ApiDb:276 - Save user favorites file C:\Users\Admin/.stm32cubeide/favorites.mcus.txt: 0 item(s)
2022-09-19 22:47:33,170 [INFO] ApiDb:280 - User favorites MCUs=[]
2022-09-19 22:47:56,387 [INFO] MainUpdater:2671 - connection check result : 10
2022-09-19 22:47:56,520 [INFO] McuFinderGlobals:52 - Set McuFinderConnectedMode to false
2022-09-19 22:47:56,540 [INFO] CrossSelectorPresenter:1330 - Cross Selector saved comparison directory: C:\Users\Admin\.stmcufinder\plugins\mcufinder\mcu\cs_comparisons_mx
2022-09-19 22:47:56,542 [INFO] MultiScanPanel:197 - Auto-refresh data requested => check proxy status ongoing
2022-09-19 22:47:56,542 [INFO] MultiScanPanel:201 - Proxy status is invalid
2022-09-19 22:47:56,542 [INFO] FinderPluginLoader:87 - Searching for filters in installed packs
2022-09-19 22:47:56,844 [INFO] DetailPanel:309 - Set advertising image to C:/Users/Admin/STM32Cube/Repository/\en.Prom_NBSTM32U50921.jpg
2022-09-19 22:48:02,065 [INFO] MainUpdater:2671 - connection check result : 10
2022-09-19 22:48:02,169 [INFO] McuFinderGlobals:52 - Set McuFinderConnectedMode to false
2022-09-19 22:48:02,179 [INFO] CrossSelectorPresenter:1330 - Cross Selector saved comparison directory: C:\Users\Admin\.stmcufinder\plugins\mcufinder\mcu\cs_comparisons_mx
2022-09-19 22:48:02,182 [INFO] MultiScanPanel:197 - Auto-refresh data requested => check proxy status ongoing
2022-09-19 22:48:02,182 [INFO] MultiScanPanel:201 - Proxy status is invalid
2022-09-19 22:48:02,183 [INFO] FinderPluginLoader:87 - Searching for filters in installed packs
2022-09-19 22:48:02,507 [INFO] DetailPanel:309 - Set advertising image to C:/Users/Admin/STM32Cube/Repository/\en.Prom_NBSTM32U50921.jpg
2022-09-19 22:48:41,349 [INFO] DbMcusDocs:143 - JSON generation date=Tue Nov 16 23:17:54 ICT 2021 (1637079474)
2022-09-19 22:48:41,815 [INFO] DbMcusDocs:79 - Found 682 MCUs documents
2022-09-19 22:49:00,644 [INFO] MainUpdater:2671 - connection check result : 10
2022-09-19 22:49:00,644 [INFO] MainUpdater:2671 - connection check result : 10
2022-09-19 22:49:00,685 [INFO] MicroXplorer:448 - Change Database Path : 
2022-09-19 22:49:00,685 [INFO] MicroXplorer:478 - Change Database Version : DB.6.0.30
2022-09-19 22:49:00,685 [WARN] ThirdParty:813 - waiting for thirdparty lock release [close project]
2022-09-19 22:49:00,685 [INFO] ThirdParty:815 - entering critical section [close project]
2022-09-19 22:49:00,686 [INFO] ThirdParty:825 - exiting critical section [close project]
2022-09-19 22:49:00,688 [INFO] PinOutPanel:1463 - setPackage(No Configuration,No Configuration)
2022-09-19 22:49:00,689 [INFO] UtilMem:74 - Begin LoadConfig() Used Memory: 644916232 Bytes (782237696)
2022-09-19 22:49:00,690 [INFO] MicroXplorer:448 - Change Database Path : 
2022-09-19 22:49:00,690 [INFO] MicroXplorer:478 - Change Database Version : DB.6.0.30
2022-09-19 22:49:00,690 [INFO] OpenFileManager:313 - Change cursor
2022-09-19 22:49:01,498 [INFO] Context:592 - Trying to add GPIOservice into a context  which must be forbidden
2022-09-19 22:49:01,727 [INFO] ImportTextPane:167 - (OptionalMessage_ERROR) Unable to find key (Mcu.ThirdPartyNb) in loaded IOC file
2022-09-19 22:49:01,727 [INFO] ImportTextPane:167 - (OptionalMessage_ERROR) Unable to find key (Mcu.PinsNb) in loaded IOC file
2022-09-19 22:49:01,727 [INFO] ImportTextPane:167 - (OptionalMessage_ERROR) Unable to find key (Mcu.IPNb) in loaded IOC file
2022-09-19 22:49:01,782 [WARN] ApiManager:304 - Cannot register API 'Board Extension:GNSS1A1' from pack STMicroelectronics.X-CUBE-GNSS1.6.0.0: no header file found
2022-09-19 22:49:01,783 [WARN] ApiManager:304 - Cannot register API 'Board Support:Custom' from pack STMicroelectronics.X-CUBE-GNSS1.6.0.0: no header file found
2022-09-19 22:49:01,783 [WARN] ApiManager:304 - Cannot register API 'Data Exchange:lib_gnss' from pack STMicroelectronics.X-CUBE-GNSS1.6.0.0: no header file found
2022-09-19 22:49:01,797 [WARN] ModelIntegratedComponent:60 - No mode defined for component null
2022-09-19 22:49:01,797 [WARN] ModelIntegratedComponent:60 - No mode defined for component null
2022-09-19 22:49:01,797 [WARN] ModelIntegratedComponent:60 - No mode defined for component null
2022-09-19 22:49:01,797 [WARN] ModelIntegratedComponent:60 - No mode defined for component null
2022-09-19 22:49:01,797 [WARN] ModelIntegratedComponent:60 - No mode defined for component null
2022-09-19 22:49:01,797 [WARN] ModelIntegratedComponent:60 - No mode defined for component null
2022-09-19 22:49:01,798 [WARN] ModelIntegratedComponent:60 - No mode defined for component null
2022-09-19 22:49:01,798 [WARN] ModelIntegratedComponent:60 - No mode defined for component null
2022-09-19 22:49:01,798 [WARN] ModelIntegratedComponent:60 - No mode defined for component null
2022-09-19 22:49:01,798 [WARN] ModelIntegratedComponent:60 - No mode defined for component null
2022-09-19 22:49:01,798 [WARN] ModelIntegratedComponent:60 - No mode defined for component null
2022-09-19 22:49:01,798 [WARN] ModelIntegratedComponent:60 - No mode defined for component null
2022-09-19 22:49:01,798 [WARN] ModelIntegratedComponent:60 - No mode defined for component null
2022-09-19 22:49:01,798 [WARN] ModelIntegratedComponent:60 - No mode defined for component null
2022-09-19 22:49:01,798 [WARN] ModelIntegratedComponent:60 - No mode defined for component null
2022-09-19 22:49:01,798 [WARN] ModelIntegratedComponent:60 - No mode defined for component null
2022-09-19 22:49:01,798 [WARN] ModelIntegratedComponent:60 - No mode defined for component null
2022-09-19 22:49:01,798 [WARN] ModelIntegratedComponent:60 - No mode defined for component null
2022-09-19 22:49:01,798 [WARN] ModelIntegratedComponent:60 - No mode defined for component null
2022-09-19 22:49:01,798 [WARN] ModelIntegratedComponent:60 - No mode defined for component null
2022-09-19 22:49:01,799 [WARN] ModelIntegratedComponent:60 - No mode defined for component null
2022-09-19 22:49:01,799 [WARN] ModelIntegratedComponent:60 - No mode defined for component null
2022-09-19 22:49:01,799 [WARN] ModelIntegratedComponent:60 - No mode defined for component null
2022-09-19 22:49:01,799 [WARN] ModelIntegratedComponent:60 - No mode defined for component null
2022-09-19 22:49:01,799 [WARN] ModelIntegratedComponent:60 - No mode defined for component null
2022-09-19 22:49:01,799 [WARN] ModelIntegratedComponent:60 - No mode defined for component null
2022-09-19 22:49:01,799 [WARN] ModelIntegratedComponent:60 - No mode defined for component null
2022-09-19 22:49:01,799 [WARN] ModelIntegratedComponent:60 - No mode defined for component null
2022-09-19 22:49:01,799 [WARN] ModelIntegratedComponent:60 - No mode defined for component null
2022-09-19 22:49:01,799 [WARN] ModelIntegratedComponent:60 - No mode defined for component null
2022-09-19 22:49:01,799 [WARN] ModelIntegratedComponent:60 - No mode defined for component null
2022-09-19 22:49:01,801 [WARN] ApiManager:304 - Cannot register API 'Board Extension:NFC07A1' from pack STMicroelectronics.X-CUBE-NFC7.1.0.0: no header file found
2022-09-19 22:49:01,989 [WARN] ApiManager:304 - Cannot register API 'Board Extension:IKS01A3' from pack STMicroelectronics.X-CUBE-MEMS1.9.3.0: no header file found
2022-09-19 22:49:01,990 [WARN] ApiManager:304 - Cannot register API 'Board Extension:IKS01A2' from pack STMicroelectronics.X-CUBE-MEMS1.9.3.0: no header file found
2022-09-19 22:49:01,990 [WARN] ApiManager:304 - Cannot register API 'Board Extension:IKS02A1' from pack STMicroelectronics.X-CUBE-MEMS1.9.3.0: no header file found
2022-09-19 22:49:02,000 [WARN] ApiManager:304 - Cannot register API 'Wireless:BlueNRG-MS' from pack STMicroelectronics.X-CUBE-BLE1.6.2.3: no header file found
2022-09-19 22:49:02,001 [INFO] RtosManager:484 - Registered RTOS mode: class=CMSIS, group=RTOS, mode=CMSIS_V1, owner=FREERTOS
2022-09-19 22:49:02,002 [INFO] RtosManager:484 - Registered RTOS mode: class=CMSIS, group=RTOS2, mode=CMSIS_V2, owner=FREERTOS
2022-09-19 22:49:02,002 [INFO] RtosManager:484 - Registered RTOS mode: class=RTOS, group=Core, mode=CMSIS_V1, owner=FREERTOS
2022-09-19 22:49:02,002 [INFO] RtosManager:484 - Registered RTOS mode: class=RTOS, group=Core, mode=CMSIS_V2, owner=FREERTOS
2022-09-19 22:49:02,002 [WARN] ModelIntegratedComponent:181 - Missing modes for component STMicroelectronics:FreeRTOS:0.0.1:STMicroelectronics:RTOS:FreeRTOS:Core:::10.2.0:
2022-09-19 22:49:02,006 [WARN] ApiManager:304 - Cannot register API 'Board Extension:S2868A1' from pack STMicroelectronics.X-CUBE-SUBG2.5.0.0: no header file found
2022-09-19 22:49:02,006 [WARN] ApiManager:304 - Cannot register API 'Board Extension:S2868A2' from pack STMicroelectronics.X-CUBE-SUBG2.5.0.0: no header file found
2022-09-19 22:49:02,006 [WARN] ApiManager:304 - Cannot register API 'Board Extension:S2915A1' from pack STMicroelectronics.X-CUBE-SUBG2.5.0.0: no header file found
2022-09-19 22:49:02,010 [WARN] ApiManager:304 - Cannot register API 'Board Extension:EEPRMA1' from pack STMicroelectronics.X-CUBE-EEPRMA1.3.1.1: no header file found
2022-09-19 22:49:02,010 [WARN] ApiManager:304 - Cannot register API 'Board Extension:EEPRMA2' from pack STMicroelectronics.X-CUBE-EEPRMA1.3.1.1: no header file found
2022-09-19 22:49:02,011 [WARN] ApiManager:304 - Cannot register API 'Board Extension:S2868A1' from pack STMicroelectronics.X-CUBE-SFXS2LP1.4.0.0: no header file found
2022-09-19 22:49:02,011 [WARN] ApiManager:304 - Cannot register API 'Board Extension:S2868A2' from pack STMicroelectronics.X-CUBE-SFXS2LP1.4.0.0: no header file found
2022-09-19 22:49:02,011 [WARN] ApiManager:304 - Cannot register API 'Board Extension:S2915A1' from pack STMicroelectronics.X-CUBE-SFXS2LP1.4.0.0: no header file found
2022-09-19 22:49:02,012 [WARN] ApiManager:304 - Cannot register API 'Wireless:BlueNRG-2' from pack STMicroelectronics.X-CUBE-BLE2.3.3.0: no header file found
2022-09-19 22:49:02,012 [WARN] ApiManager:304 - Cannot register API 'Board Extension:NFC04A1' from pack STMicroelectronics.X-CUBE-NFC4.2.0.4: no header file found
2022-09-19 22:49:03,451 [INFO] UtilMem:74 - End LoadConfig() Used Memory: 624258320 Bytes (782237696)
2022-09-19 22:49:03,453 [WARN] ThirdParty:779 - waiting for thirdparty lock release [change project]
2022-09-19 22:49:03,453 [INFO] ThirdParty:781 - entering critical section [change project]
2022-09-19 22:49:03,453 [INFO] ThirdParty:967 - CMSIS Pack Vendor :RoweBots I-CUBE-UNISONRTOS 5.5.0-4
2022-09-19 22:49:03,453 [INFO] ThirdParty:967 - CMSIS Pack Vendor :STMicroelectronics X-CUBE-GNSS1 6.0.0
2022-09-19 22:49:03,454 [INFO] ThirdParty:967 - CMSIS Pack Vendor :STMicroelectronics X-CUBE-AZRTOS-H7 2.1.0
2022-09-19 22:49:03,454 [INFO] ThirdParty:967 - CMSIS Pack Vendor :STMicroelectronics USB_HOST 2.0.0
2022-09-19 22:49:03,454 [INFO] ThirdParty:967 - CMSIS Pack Vendor :STMicroelectronics X-CUBE-AZRTOS-F4 1.1.0
2022-09-19 22:49:03,454 [INFO] ThirdParty:967 - CMSIS Pack Vendor :STMicroelectronics X-CUBE-AZRTOS-G4 1.0.0
2022-09-19 22:49:03,454 [INFO] ThirdParty:967 - CMSIS Pack Vendor :STMicroelectronics X-CUBE-AZRTOS-L4 1.0.0
2022-09-19 22:49:03,454 [INFO] ThirdParty:967 - CMSIS Pack Vendor :STMicroelectronics USB_DEVICE 3.0.0
2022-09-19 22:49:03,454 [INFO] ThirdParty:967 - CMSIS Pack Vendor :wolfSSL I-CUBE-wolfSSL 5.5.0
2022-09-19 22:49:03,454 [INFO] ThirdParty:967 - CMSIS Pack Vendor :STMicroelectronics HAL Drivers 0.0.0
2022-09-19 22:49:03,454 [INFO] ThirdParty:967 - CMSIS Pack Vendor :STMicroelectronics MBEDTLS 2.16.2
2022-09-19 22:49:03,454 [INFO] ThirdParty:967 - CMSIS Pack Vendor :emotas I-CUBE-CANOPEN 1.1.2
2022-09-19 22:49:03,454 [INFO] ThirdParty:967 - CMSIS Pack Vendor :STMicroelectronics X-CUBE-TOUCHGFX 4.20.0
2022-09-19 22:49:03,454 [INFO] ThirdParty:967 - CMSIS Pack Vendor :STMicroelectronics MBEDTLS 2.14.1
2022-09-19 22:49:03,454 [INFO] ThirdParty:967 - CMSIS Pack Vendor :STMicroelectronics X-CUBE-NFC7 1.0.0
2022-09-19 22:49:03,454 [INFO] ThirdParty:967 - CMSIS Pack Vendor :STMicroelectronics X-CUBE-BLEMGR 1.0.0
2022-09-19 22:49:03,454 [INFO] ThirdParty:967 - CMSIS Pack Vendor :STMicroelectronics X-CUBE-AZRTOS-WL 1.0.0
2022-09-19 22:49:03,454 [INFO] ThirdParty:967 - CMSIS Pack Vendor :STMicroelectronics X-CUBE-AZRTOS-F7 1.1.0
2022-09-19 22:49:03,454 [INFO] ThirdParty:967 - CMSIS Pack Vendor :STMicroelectronics X-CUBE-MEMS1 9.3.0
2022-09-19 22:49:03,454 [INFO] ThirdParty:967 - CMSIS Pack Vendor :portGmbH I-Cube-SoM-uGOAL 1.1.0
2022-09-19 22:49:03,454 [INFO] ThirdParty:967 - CMSIS Pack Vendor :STMicroelectronics X-CUBE-ALS 1.0.1
2022-09-19 22:49:03,454 [INFO] ThirdParty:967 - CMSIS Pack Vendor :STMicroelectronics USB_DEVICE 2.0.0
2022-09-19 22:49:03,454 [INFO] ThirdParty:967 - CMSIS Pack Vendor :STMicroelectronics X-CUBE-AI 7.2.0
2022-09-19 22:49:03,455 [INFO] ThirdParty:967 - CMSIS Pack Vendor :STMicroelectronics X-CUBE-BLE1 6.2.3
2022-09-19 22:49:03,455 [INFO] ThirdParty:967 - CMSIS Pack Vendor :STMicroelectronics X-CUBE-ALGOBUILD 1.3.0
2022-09-19 22:49:03,455 [INFO] ThirdParty:967 - CMSIS Pack Vendor :STMicroelectronics X-CUBE-AZRTOS-L5 1.0.0
2022-09-19 22:49:03,455 [INFO] ThirdParty:967 - CMSIS Pack Vendor :STMicroelectronics FreeRTOS 0.0.1
2022-09-19 22:49:03,455 [INFO] ThirdParty:967 - CMSIS Pack Vendor :STMicroelectronics X-CUBE-AZRTOS-G0 1.1.0
2022-09-19 22:49:03,455 [INFO] ThirdParty:967 - CMSIS Pack Vendor :STMicroelectronics USB_DEVICE 1.0.0
2022-09-19 22:49:03,455 [INFO] ThirdParty:967 - CMSIS Pack Vendor :STMicroelectronics X-CUBE-SUBG2 5.0.0
2022-09-19 22:49:03,455 [INFO] ThirdParty:967 - CMSIS Pack Vendor :SEGGER I-CUBE-embOS 1.2.0
2022-09-19 22:49:03,455 [INFO] ThirdParty:967 - CMSIS Pack Vendor :STMicroelectronics X-CUBE-EEPRMA1 3.1.1
2022-09-19 22:49:03,455 [INFO] ThirdParty:967 - CMSIS Pack Vendor :STMicroelectronics ThreadX 0.0.2
2022-09-19 22:49:03,455 [INFO] ThirdParty:967 - CMSIS Pack Vendor :STMicroelectronics lwIP 2.0.3
2022-09-19 22:49:03,455 [INFO] ThirdParty:967 - CMSIS Pack Vendor :STMicroelectronics lwIP 2.1.2
2022-09-19 22:49:03,455 [INFO] ThirdParty:967 - CMSIS Pack Vendor :STMicroelectronics X-CUBE-SFXS2LP1 4.0.0
2022-09-19 22:49:03,455 [INFO] ThirdParty:967 - CMSIS Pack Vendor :STMicroelectronics X-CUBE-BLE2 3.3.0
2022-09-19 22:49:03,455 [INFO] ThirdParty:967 - CMSIS Pack Vendor :STMicroelectronics X-CUBE-NFC4 2.0.4
2022-09-19 22:49:03,455 [INFO] ThirdParty:967 - CMSIS Pack Vendor :STMicroelectronics USB_HOST 1.0.0
2022-09-19 22:49:03,455 [INFO] ThirdParty:967 - CMSIS Pack Vendor :STMicroelectronics X-CUBE-DISPLAY 2.2.0
2022-09-19 22:49:03,455 [INFO] ThirdParty:967 - CMSIS Pack Vendor :STMicroelectronics PDM2PCM 3.1.0
2022-09-19 22:49:03,455 [INFO] ThirdParty:967 - CMSIS Pack Vendor :STMicroelectronics FP-ATR-ASTRA1 1.1.1
2022-09-19 22:49:03,455 [INFO] ThirdParty:967 - CMSIS Pack Vendor :STMicroelectronics PDM2PCM 3.2.0
2022-09-19 22:49:03,455 [INFO] ThirdParty:967 - CMSIS Pack Vendor :STMicroelectronics PDM2PCM 3.3.0
2022-09-19 22:49:03,455 [INFO] ThirdParty:967 - CMSIS Pack Vendor :STMicroelectronics X-CUBE-TOF1 3.1.0
2022-09-19 22:49:03,456 [INFO] ThirdParty:967 - CMSIS Pack Vendor :STMicroelectronics X-CUBE-ISPU 1.0.0
2022-09-19 22:49:03,456 [INFO] ThirdParty:787 - exiting critical section [change project]
2022-09-19 22:49:03,653 [INFO] PinOutPanel:1463 - setPackage(No Configuration,No Configuration)
2022-09-19 22:49:03,654 [INFO] PinOutPanel:1463 - setPackage(STM32F103C6Ux,UFQFPN48)
2022-09-19 22:49:04,025 [INFO] UtilMem:74 - Before build in PCC Used Memory: 603668960 Bytes (782237696)
2022-09-19 22:49:04,625 [INFO] UtilMem:74 - After build in PCC Used Memory: 682838496 Bytes (782237696)
2022-09-19 22:49:04,663 [INFO] IPUIPlugin:74 - create IPUIPlugin
2022-09-19 22:49:04,663 [INFO] IPUIPlugin:74 - create IPUIPlugin
2022-09-19 22:49:04,663 [INFO] IPUIPlugin:74 - create IPUIPlugin
2022-09-19 22:49:04,663 [INFO] IPUIPlugin:74 - create IPUIPlugin
2022-09-19 22:49:04,663 [INFO] IPUIPlugin:74 - create IPUIPlugin
2022-09-19 22:49:04,663 [INFO] IPUIPlugin:74 - create IPUIPlugin
2022-09-19 22:49:04,664 [INFO] IPUIPlugin:74 - create IPUIPlugin
2022-09-19 22:49:04,664 [INFO] IPUIPlugin:74 - create IPUIPlugin
2022-09-19 22:49:04,664 [INFO] IPUIPlugin:74 - create IPUIPlugin
2022-09-19 22:49:04,664 [INFO] IPUIPlugin:74 - create IPUIPlugin
2022-09-19 22:49:04,664 [INFO] IPUIPlugin:74 - create IPUIPlugin
2022-09-19 22:49:04,665 [INFO] IPUIPlugin:74 - create IPUIPlugin
2022-09-19 22:49:04,665 [INFO] IPUIPlugin:74 - create IPUIPlugin
2022-09-19 22:49:04,665 [INFO] IPUIPlugin:74 - create IPUIPlugin
2022-09-19 22:49:04,666 [INFO] IPUIPlugin:74 - create IPUIPlugin
2022-09-19 22:49:04,666 [INFO] IPUIPlugin:74 - create IPUIPlugin
2022-09-19 22:49:04,666 [INFO] IPUIPlugin:74 - create IPUIPlugin
2022-09-19 22:49:04,666 [INFO] IPUIPlugin:74 - create IPUIPlugin
2022-09-19 22:49:04,667 [INFO] IPUIPlugin:74 - create IPUIPlugin
2022-09-19 22:49:04,667 [INFO] IPUIPlugin:74 - create IPUIPlugin
2022-09-19 22:49:04,667 [INFO] IPUIPlugin:74 - create IPUIPlugin
2022-09-19 22:49:04,668 [INFO] IPUIPlugin:74 - create IPUIPlugin
2022-09-19 22:49:04,668 [INFO] IPUIPlugin:74 - create IPUIPlugin
2022-09-19 22:49:04,784 [INFO] OpenFileManager:333 - Restore cursor
2022-09-19 22:49:05,008 [INFO] UtilMem:74 - End SaveConfig() Used Memory: 633457984 Bytes (782237696)
2022-09-19 22:49:05,053 [INFO] UtilMem:74 - End SaveConfig() Used Memory: 646040896 Bytes (782237696)
2022-09-19 22:49:05,371 [INFO] BlockDiagram:2740 - set Specific Code input for plugin: NVIC
2022-09-19 22:49:05,371 [INFO] BlockDiagram:2740 - set Specific Code input for plugin: SYS
2022-09-19 22:49:05,372 [INFO] BlockDiagram:2740 - set Specific Code input for plugin: RCC
2022-09-19 22:49:05,373 [INFO] CodeGenerator:663 - code generatio: config db path: C:\ST\STM32CubeIDE_1.7.0\STM32CubeIDE\plugins\com.st.stm32cube.common.mx_6.3.0.202107141111\\db\
2022-09-19 22:49:05,711 [INFO] CodeEngine:239 - oldGeneratedFile, C:\Users\Admin\Desktop\Lab VXL\Lab 1\Ex1\2LED\MXTmpFiles\license.tmp_save
2022-09-19 22:49:06,016 [INFO] CodeEngine:257 - Generated code: C:\Users\Admin\Desktop\Lab VXL\Lab 1\Ex1\2LED\MXTmpFiles\license.tmp
2022-09-19 22:49:06,144 [INFO] CodeEngine:239 - oldGeneratedFile, C:\Users\Admin\Desktop\Lab VXL\Lab 1\Ex1\2LED\Core\Src\stm32f1xx_it.c_save
2022-09-19 22:49:06,276 [INFO] CodeEngine:257 - Generated code: C:\Users\Admin\Desktop\Lab VXL\Lab 1\Ex1\2LED\Core\Src\stm32f1xx_it.c
2022-09-19 22:49:06,281 [INFO] CodeEngine:239 - oldGeneratedFile, C:\Users\Admin\Desktop\Lab VXL\Lab 1\Ex1\2LED\Core\Inc\stm32f1xx_it.h_save
2022-09-19 22:49:06,367 [INFO] CodeEngine:257 - Generated code: C:\Users\Admin\Desktop\Lab VXL\Lab 1\Ex1\2LED\Core\Inc\stm32f1xx_it.h
2022-09-19 22:49:06,376 [INFO] CodeEngine:239 - oldGeneratedFile, C:\Users\Admin\Desktop\Lab VXL\Lab 1\Ex1\2LED\Core\Src\stm32f1xx_hal_msp.c_save
2022-09-19 22:49:06,474 [INFO] CodeEngine:257 - Generated code: C:\Users\Admin\Desktop\Lab VXL\Lab 1\Ex1\2LED\Core\Src\stm32f1xx_hal_msp.c
2022-09-19 22:49:06,478 [INFO] CodeEngine:239 - oldGeneratedFile, C:\Users\Admin\Desktop\Lab VXL\Lab 1\Ex1\2LED\MXTmpFiles\system.tmp_save
2022-09-19 22:49:06,534 [INFO] CodeEngine:257 - Generated code: C:\Users\Admin\Desktop\Lab VXL\Lab 1\Ex1\2LED\MXTmpFiles\system.tmp
2022-09-19 22:49:06,541 [INFO] CodeEngine:239 - oldGeneratedFile, C:\Users\Admin\Desktop\Lab VXL\Lab 1\Ex1\2LED\Core\Inc\stm32f1xx_hal_conf.h_save
2022-09-19 22:49:06,629 [INFO] CodeEngine:257 - Generated code: C:\Users\Admin\Desktop\Lab VXL\Lab 1\Ex1\2LED\Core\Inc\stm32f1xx_hal_conf.h
2022-09-19 22:49:06,668 [INFO] CodeEngine:239 - oldGeneratedFile, C:\Users\Admin\Desktop\Lab VXL\Lab 1\Ex1\2LED\Core\Inc\main.h_save
2022-09-19 22:49:06,753 [INFO] CodeEngine:257 - Generated code: C:\Users\Admin\Desktop\Lab VXL\Lab 1\Ex1\2LED\Core\Inc\main.h
2022-09-19 22:49:06,757 [INFO] CodeEngine:239 - oldGeneratedFile, C:\Users\Admin\Desktop\Lab VXL\Lab 1\Ex1\2LED\Core\Src\main.c_save
2022-09-19 22:49:06,896 [INFO] CodeEngine:257 - Generated code: C:\Users\Admin\Desktop\Lab VXL\Lab 1\Ex1\2LED\Core\Src\main.c
2022-09-19 22:49:07,945 [INFO] ProjectBuilder:2578 - Time for Copy HAL[1] : 244mS.
2022-09-19 22:49:07,952 [INFO] ProjectBuilder:3622 - Project Generator version: 3.14.1
2022-09-19 22:49:08,471 [INFO] ConfigFileManager:1271 - The Die is : DIE412
2022-09-19 22:49:08,488 [INFO] ApiDbMcu:468 - Load IP Config File for FATFS
2022-09-19 22:49:08,526 [INFO] ApiDbMcu:468 - Load IP Config File for FREERTOS
2022-09-19 22:49:08,553 [INFO] ApiDbMcu:468 - Load IP Config File for USB_DEVICE
2022-09-19 22:49:13,367 [INFO] ProjectBuilder:3789 - Time for Generating toolchain IDE Files: 5415mS.
2022-09-19 22:49:13,368 [INFO] ProjectBuilder:2457 - Time for Copy CMSIS : 1mS.
2022-09-19 22:49:13,371 [INFO] ProjectBuilder:2457 - Time for Copy CMSIS : 0mS.
2022-09-19 22:49:14,522 [INFO] McuFinderGlobals:52 - Set McuFinderConnectedMode to true
2022-09-19 22:49:14,524 [INFO] ApiDb:276 - Save user favorites file C:\Users\Admin/.stm32cubeide/favorites.mcus.txt: 0 item(s)
2022-09-19 22:49:14,524 [INFO] ApiDb:280 - User favorites MCUs=[]
2022-09-19 22:49:42,524 [INFO] Gpio:254 - dependency for GPIO []
2022-09-19 22:49:47,525 [INFO] Gpio:254 - dependency for GPIO []
2022-09-19 22:50:02,177 [INFO] UtilMem:74 - End SaveConfig() Used Memory: 875009296 Bytes (1003487232)
2022-09-19 22:50:03,834 [INFO] UtilMem:74 - End SaveConfig() Used Memory: 625221632 Bytes (1003487232)
2022-09-19 22:50:08,436 [INFO] UtilMem:74 - End SaveConfig() Used Memory: 629980736 Bytes (1003487232)
2022-09-19 22:50:08,785 [INFO] BlockDiagram:2740 - set Specific Code input for plugin: NVIC
2022-09-19 22:50:08,785 [INFO] BlockDiagram:2740 - set Specific Code input for plugin: SYS
2022-09-19 22:50:08,786 [INFO] BlockDiagram:2740 - set Specific Code input for plugin: GPIO
2022-09-19 22:50:08,786 [INFO] BlockDiagram:2740 - set Specific Code input for plugin: RCC
2022-09-19 22:50:08,787 [INFO] CodeGenerator:663 - code generatio: config db path: C:\ST\STM32CubeIDE_1.7.0\STM32CubeIDE\plugins\com.st.stm32cube.common.mx_6.3.0.202107141111\\db\
2022-09-19 22:50:09,119 [INFO] CodeEngine:239 - oldGeneratedFile, C:\Users\Admin\Desktop\Lab VXL\Lab 1\Ex1\2LED\MXTmpFiles\license.tmp_save
2022-09-19 22:50:09,174 [INFO] CodeEngine:257 - Generated code: C:\Users\Admin\Desktop\Lab VXL\Lab 1\Ex1\2LED\MXTmpFiles\license.tmp
2022-09-19 22:50:09,207 [INFO] CodeEngine:239 - oldGeneratedFile, C:\Users\Admin\Desktop\Lab VXL\Lab 1\Ex1\2LED\MXTmpFiles\gpio.tmp_save
2022-09-19 22:50:09,304 [INFO] CodeEngine:257 - Generated code: C:\Users\Admin\Desktop\Lab VXL\Lab 1\Ex1\2LED\MXTmpFiles\gpio.tmp
2022-09-19 22:50:09,331 [INFO] CodeEngine:239 - oldGeneratedFile, C:\Users\Admin\Desktop\Lab VXL\Lab 1\Ex1\2LED\Core\Src\stm32f1xx_it.c_save
2022-09-19 22:50:09,431 [INFO] CodeEngine:257 - Generated code: C:\Users\Admin\Desktop\Lab VXL\Lab 1\Ex1\2LED\Core\Src\stm32f1xx_it.c
2022-09-19 22:50:09,437 [INFO] CodeEngine:239 - oldGeneratedFile, C:\Users\Admin\Desktop\Lab VXL\Lab 1\Ex1\2LED\Core\Inc\stm32f1xx_it.h_save
2022-09-19 22:50:09,515 [INFO] CodeEngine:257 - Generated code: C:\Users\Admin\Desktop\Lab VXL\Lab 1\Ex1\2LED\Core\Inc\stm32f1xx_it.h
2022-09-19 22:50:09,535 [INFO] CodeEngine:239 - oldGeneratedFile, C:\Users\Admin\Desktop\Lab VXL\Lab 1\Ex1\2LED\Core\Src\stm32f1xx_hal_msp.c_save
2022-09-19 22:50:09,637 [INFO] CodeEngine:257 - Generated code: C:\Users\Admin\Desktop\Lab VXL\Lab 1\Ex1\2LED\Core\Src\stm32f1xx_hal_msp.c
2022-09-19 22:50:09,640 [INFO] CodeEngine:239 - oldGeneratedFile, C:\Users\Admin\Desktop\Lab VXL\Lab 1\Ex1\2LED\MXTmpFiles\system.tmp_save
2022-09-19 22:50:09,741 [INFO] CodeEngine:257 - Generated code: C:\Users\Admin\Desktop\Lab VXL\Lab 1\Ex1\2LED\MXTmpFiles\system.tmp
2022-09-19 22:50:09,756 [INFO] CodeEngine:239 - oldGeneratedFile, C:\Users\Admin\Desktop\Lab VXL\Lab 1\Ex1\2LED\Core\Inc\stm32f1xx_hal_conf.h_save
2022-09-19 22:50:09,839 [INFO] CodeEngine:257 - Generated code: C:\Users\Admin\Desktop\Lab VXL\Lab 1\Ex1\2LED\Core\Inc\stm32f1xx_hal_conf.h
2022-09-19 22:50:09,867 [INFO] CodeEngine:239 - oldGeneratedFile, C:\Users\Admin\Desktop\Lab VXL\Lab 1\Ex1\2LED\Core\Inc\main.h_save
2022-09-19 22:50:09,976 [INFO] CodeEngine:257 - Generated code: C:\Users\Admin\Desktop\Lab VXL\Lab 1\Ex1\2LED\Core\Inc\main.h
2022-09-19 22:50:09,985 [INFO] CodeEngine:239 - oldGeneratedFile, C:\Users\Admin\Desktop\Lab VXL\Lab 1\Ex1\2LED\Core\Src\main.c_save
2022-09-19 22:50:10,086 [INFO] CodeEngine:257 - Generated code: C:\Users\Admin\Desktop\Lab VXL\Lab 1\Ex1\2LED\Core\Src\main.c
2022-09-19 22:50:10,973 [INFO] ProjectBuilder:2578 - Time for Copy HAL[1] : 133mS.
2022-09-19 22:50:10,976 [INFO] ProjectBuilder:3622 - Project Generator version: 3.14.1
2022-09-19 22:50:11,433 [INFO] ConfigFileManager:1271 - The Die is : DIE412
2022-09-19 22:50:13,841 [INFO] ProjectBuilder:3789 - Time for Generating toolchain IDE Files: 2865mS.
2022-09-19 22:50:13,842 [INFO] ProjectBuilder:2457 - Time for Copy CMSIS : 0mS.
2022-09-19 22:50:13,845 [INFO] ProjectBuilder:2457 - Time for Copy CMSIS : 0mS.
2022-09-19 23:01:28,050 [ERROR] LogOutputStream:74 - [STDERR_REDIRECT] Exception in thread "AWT-EventQueue-0" org.eclipse.swt.SWTException: Device is disposed
2022-09-19 23:01:28,051 [ERROR] LogOutputStream:74 - [STDERR_REDIRECT] 	at org.eclipse.swt.SWT.error(SWT.java:4889)
2022-09-19 23:01:28,051 [ERROR] LogOutputStream:74 - [STDERR_REDIRECT] 	at org.eclipse.swt.SWT.error(SWT.java:4804)
2022-09-19 23:01:28,052 [ERROR] LogOutputStream:74 - [STDERR_REDIRECT] 	at org.eclipse.swt.SWT.error(SWT.java:4775)
2022-09-19 23:01:28,053 [ERROR] LogOutputStream:74 - [STDERR_REDIRECT] 	at org.eclipse.swt.widgets.Display.error(Display.java:1262)
2022-09-19 23:01:28,053 [ERROR] LogOutputStream:74 - [STDERR_REDIRECT] 	at org.eclipse.swt.widgets.Display.asyncExec(Display.java:779)
2022-09-19 23:01:28,054 [ERROR] LogOutputStream:74 - [STDERR_REDIRECT] 	at com.st.stm32cube.common.mx.oss.core.awtswtbridge.AwtEnvironment$2.run(AwtEnvironment.java:168)
2022-09-19 23:01:28,056 [ERROR] LogOutputStream:74 - [STDERR_REDIRECT] 	at java.desktop/java.awt.event.InvocationEvent.dispatch(InvocationEvent.java:313)
2022-09-19 23:01:28,056 [ERROR] LogOutputStream:74 - [STDERR_REDIRECT] 	at java.desktop/java.awt.EventQueue.dispatchEventImpl(EventQueue.java:770)
2022-09-19 23:01:28,057 [ERROR] LogOutputStream:74 - [STDERR_REDIRECT] 	at java.desktop/java.awt.EventQueue$4.run(EventQueue.java:721)
2022-09-19 23:01:28,058 [ERROR] LogOutputStream:74 - [STDERR_REDIRECT] 	at java.desktop/java.awt.EventQueue$4.run(EventQueue.java:715)
2022-09-19 23:01:28,059 [ERROR] LogOutputStream:74 - [STDERR_REDIRECT] 	at java.base/java.security.AccessController.doPrivileged(Native Method)
2022-09-19 23:01:28,061 [ERROR] LogOutputStream:74 - [STDERR_REDIRECT] 	at java.base/java.security.ProtectionDomain$JavaSecurityAccessImpl.doIntersectionPrivilege(ProtectionDomain.java:85)
2022-09-19 23:01:28,062 [ERROR] LogOutputStream:74 - [STDERR_REDIRECT] 	at java.desktop/java.awt.EventQueue.dispatchEvent(EventQueue.java:740)
2022-09-19 23:01:28,063 [ERROR] LogOutputStream:74 - [STDERR_REDIRECT] 	at java.desktop/java.awt.EventDispatchThread.pumpOneEventForFilters(EventDispatchThread.java:203)
2022-09-19 23:01:28,065 [ERROR] LogOutputStream:74 - [STDERR_REDIRECT] 	at java.desktop/java.awt.EventDispatchThread.pumpEventsForFilter(EventDispatchThread.java:124)
2022-09-19 23:01:28,066 [ERROR] LogOutputStream:74 - [STDERR_REDIRECT] 	at java.desktop/java.awt.EventDispatchThread.pumpEventsForHierarchy(EventDispatchThread.java:113)
2022-09-19 23:01:28,067 [ERROR] LogOutputStream:74 - [STDERR_REDIRECT] 	at java.desktop/java.awt.EventDispatchThread.pumpEvents(EventDispatchThread.java:109)
2022-09-19 23:01:28,068 [ERROR] LogOutputStream:74 - [STDERR_REDIRECT] 	at java.desktop/java.awt.EventDispatchThread.pumpEvents(EventDispatchThread.java:101)
2022-09-19 23:01:28,070 [ERROR] LogOutputStream:74 - [STDERR_REDIRECT] 	at java.desktop/java.awt.EventDispatchThread.run(EventDispatchThread.java:90)
